<?xml version="1.0" encoding="UTF-8"?>
<!-- Generated by org.testng.reporters.JUnitReportReporter -->
<testsuite skipped="0" hostname="User-PC" name="Sanity.accountmanagement" tests="1" failures="0" timestamp="29 Mar 2019 07:54:08 GMT" time="25.715" errors="0">
  <testcase name="resources" time="25.715" classname="Sanity.accountmanagement"/>
</testsuite> <!-- Sanity.accountmanagement -->
